# !SESSION 2022-03-20 22:46:30.685
# version: 1.1
# verbose: true
# The following option strings are specified for this debug session:
# 	null
| main | 2022-03-20 22:46:30.685 | com.iar.ide.common | /debug | com.iar.ide.common.PlatformLoggerDelegate | traceFile | 74 | com.iar.cdt.arm.toolchain.cmsis.adapter INFO Using CMSIS pack repositories: http://links.iar.com/cmsis/pack/ |
# !SESSION 2022-03-20 22:47:13.007
# version: 1.1
# verbose: true
# The following option strings are specified for this debug session:
# 	null
| main | 2022-03-20 22:47:13.007 | com.iar.ide.common | /debug | com.iar.ide.common.PlatformLoggerDelegate | traceFile | 74 | com.iar.cdt.arm.toolchain.cmsis.adapter INFO Using CMSIS pack repositories: http://links.iar.com/cmsis/pack/ |
| Worker-3 | 2022-03-20 22:47:34.005 | com.iar.ide.common | /debug | com.iar.ide.common.PlatformLoggerDelegate | traceFile | 74 | com.iar.cdt.arm.toolchain.cmsis.adapter INFO Performing pack conversion... |
| Worker-3 | 2022-03-20 22:47:36.956 | com.iar.ide.common | /debug | com.iar.ide.common.PlatformLoggerDelegate | traceFile | 74 | com.iar.cdt.arm.toolchain.cmsis.adapter INFO Pack has been converted. |
| Worker-1 | 2022-03-20 22:48:12.309 | com.iar.ide.common | /debug | com.iar.ide.common.PlatformLoggerDelegate | traceFile | 74 | com.iar.cdt.arm.toolchain.cmsis.adapter INFO Performing pack conversion... |
| Worker-1 | 2022-03-20 22:48:17.716 | com.iar.ide.common | /debug | com.iar.ide.common.PlatformLoggerDelegate | traceFile | 74 | com.iar.cdt.arm.toolchain.cmsis.adapter INFO Pack has been converted. |
# !SESSION 2022-03-20 22:50:00.875
# version: 1.1
# verbose: true
# The following option strings are specified for this debug session:
# 	null
| main | 2022-03-20 22:50:00.875 | com.iar.ide.common | /debug | com.iar.ide.common.PlatformLoggerDelegate | traceFile | 74 | com.iar.cdt.arm.toolchain.cmsis.adapter INFO Using CMSIS pack repositories: http://links.iar.com/cmsis/pack/ |
# !SESSION 2022-03-21 22:55:34.782
# version: 1.1
# verbose: true
# The following option strings are specified for this debug session:
# 	null
| main | 2022-03-21 22:55:34.782 | com.iar.ide.common | /debug | com.iar.ide.common.PlatformLoggerDelegate | traceFile | 74 | com.iar.cdt.arm.toolchain.cmsis.adapter INFO Using CMSIS pack repositories: http://links.iar.com/cmsis/pack/ |
