# !SESSION 2022-05-13 20:20:13.120
# version: 1.1
# verbose: true
# The following option strings are specified for this debug session:
# 	null
| main | 2022-05-13 20:20:13.120 | com.iar.ide.common | /debug | com.iar.ide.common.PlatformLoggerDelegate | traceFile | 74 | com.iar.cdt.arm.toolchain.cmsis.adapter INFO Using CMSIS pack repositories: http://links.iar.com/cmsis/pack/ |
# !SESSION 2022-05-15 11:45:59.319
# version: 1.1
# verbose: true
# The following option strings are specified for this debug session:
# 	null
| main | 2022-05-15 11:45:59.319 | com.iar.ide.common | /debug | com.iar.ide.common.PlatformLoggerDelegate | traceFile | 74 | com.iar.cdt.arm.toolchain.cmsis.adapter INFO Using CMSIS pack repositories: http://links.iar.com/cmsis/pack/ |
# !SESSION 2022-05-16 15:45:48.685
# version: 1.1
# verbose: true
# The following option strings are specified for this debug session:
# 	null
| main | 2022-05-16 15:45:48.685 | com.iar.ide.common | /debug | com.iar.ide.common.PlatformLoggerDelegate | traceFile | 74 | com.iar.cdt.arm.toolchain.cmsis.adapter INFO Using CMSIS pack repositories: http://links.iar.com/cmsis/pack/ |
# !SESSION 2022-05-16 22:18:47.082
# version: 1.1
# verbose: true
# The following option strings are specified for this debug session:
# 	null
| main | 2022-05-16 22:18:47.082 | com.iar.ide.common | /debug | com.iar.ide.common.PlatformLoggerDelegate | traceFile | 74 | com.iar.cdt.arm.toolchain.cmsis.adapter INFO Using CMSIS pack repositories: http://links.iar.com/cmsis/pack/ |
# !SESSION 2022-05-18 18:31:40.450
# version: 1.1
# verbose: true
# The following option strings are specified for this debug session:
# 	null
| main | 2022-05-18 18:31:40.450 | com.iar.ide.common | /debug | com.iar.ide.common.PlatformLoggerDelegate | traceFile | 74 | com.iar.cdt.arm.toolchain.cmsis.adapter INFO Using CMSIS pack repositories: http://links.iar.com/cmsis/pack/ |
# !SESSION 2022-05-19 15:14:20.177
# version: 1.1
# verbose: true
# The following option strings are specified for this debug session:
# 	null
| main | 2022-05-19 15:14:20.177 | com.iar.ide.common | /debug | com.iar.ide.common.PlatformLoggerDelegate | traceFile | 74 | com.iar.cdt.arm.toolchain.cmsis.adapter INFO Using CMSIS pack repositories: http://links.iar.com/cmsis/pack/ |
# !SESSION 2022-05-21 09:35:39.116
# version: 1.1
# verbose: true
# The following option strings are specified for this debug session:
# 	null
| main | 2022-05-21 09:35:39.116 | com.iar.ide.common | /debug | com.iar.ide.common.PlatformLoggerDelegate | traceFile | 74 | com.iar.cdt.arm.toolchain.cmsis.adapter INFO Using CMSIS pack repositories: http://links.iar.com/cmsis/pack/ |
# !SESSION 2022-05-23 21:11:03.849
# version: 1.1
# verbose: true
# The following option strings are specified for this debug session:
# 	null
| main | 2022-05-23 21:11:03.849 | com.iar.ide.common | /debug | com.iar.ide.common.PlatformLoggerDelegate | traceFile | 74 | com.iar.cdt.arm.toolchain.cmsis.adapter INFO Using CMSIS pack repositories: http://links.iar.com/cmsis/pack/ |
