21:30:54 **** Updating project Terminal2: project created
Project updated successfully

21:30:54 **** Updating project Terminal2: project refresh
Project updated successfully

21:31:21 **** Updating project Terminal2: Configuration file [Terminal2.rteconfig] is saved
Project updated successfully

22:52:51 **** Updating project Terminal2: initial project load
Project updated successfully

22:52:51 **** Updating project Terminal2: project created
Project updated successfully

22:52:52 **** Updating project Terminal2: project refresh
Project updated successfully

23:18:58 **** Updating project Terminal2: initial project load
Project updated successfully

23:18:58 **** Updating project Terminal2: project created
Project updated successfully

23:18:58 **** Updating project Terminal2: project refresh
Project updated successfully

23:23:30 **** Updating project Terminal2: Configuration file [Terminal2.rteconfig] is saved
Project updated successfully

