21:41:06 **** Updating project AD5940_SPI: project created
Project updated successfully

21:41:06 **** Updating project AD5940_SPI: project refresh
Project updated successfully

21:41:06 **** Updating project First: project created
Project updated successfully

21:41:06 **** Updating project First: project refresh
Project updated successfully

22:08:14 **** Updating project AD5940_SPI: CMSIS-Pack(s) are installed or removed
Project updated successfully

22:08:14 **** Updating project First: CMSIS-Pack(s) are installed or removed
Project updated successfully

22:08:14 **** Updating project AD5940_SPI: CMSIS-Pack(s) are installed or removed
Project updated successfully

22:08:14 **** Updating project First: CMSIS-Pack(s) are installed or removed
Project updated successfully

22:08:57 **** Updating project AD5940_SPI: CMSIS-Pack(s) are installed or removed
Project updated successfully

22:08:57 **** Updating project First: CMSIS-Pack(s) are installed or removed
Project updated successfully

22:09:14 **** Updating project AD5940_SPI: CMSIS-Pack(s) are installed or removed
Project updated successfully

22:09:14 **** Updating project First: CMSIS-Pack(s) are installed or removed
Project updated successfully

22:10:07 **** Updating project AD5940_SPI: CMSIS-Pack(s) are installed or removed
Project updated successfully

22:10:07 **** Updating project First: CMSIS-Pack(s) are installed or removed
Project updated successfully

22:10:35 **** Updating project AD5940_SPI: CMSIS-Pack(s) are installed or removed
Project updated successfully

22:10:35 **** Updating project First: CMSIS-Pack(s) are installed or removed
Project updated successfully

22:10:35 **** Updating project AD5940_SPI: CMSIS-Pack(s) are installed or removed
Project updated successfully

22:10:35 **** Updating project First: CMSIS-Pack(s) are installed or removed
Project updated successfully

