20:20:44 **** Updating project DFT_BLE: project created
Project updated successfully

20:20:45 **** Updating project DFT_BLE: project refresh
Project updated successfully

20:21:51 **** Updating project DFT_BLE: Configuration file [DFT_BLE.rteconfig] is saved
Project updated successfully

11:46:09 **** Updating project DFT_BLE: initial project load
Project updated successfully

11:46:10 **** Updating project DFT_BLE: project created
Project updated successfully

11:46:10 **** Updating project DFT_BLE: project refresh
Project updated successfully

15:45:56 **** Updating project DFT_BLE: initial project load
Project updated successfully

15:45:57 **** Updating project DFT_BLE: project created
Project updated successfully

15:45:57 **** Updating project DFT_BLE: project refresh
Project updated successfully

22:18:52 **** Updating project DFT_BLE: initial project load
Project updated successfully

22:18:53 **** Updating project DFT_BLE: project created
Project updated successfully

22:18:53 **** Updating project DFT_BLE: project refresh
Project updated successfully

18:31:45 **** Updating project DFT_BLE: initial project load
Project updated successfully

18:31:46 **** Updating project DFT_BLE: project created
Project updated successfully

18:31:46 **** Updating project DFT_BLE: project refresh
Project updated successfully

15:14:28 **** Updating project DFT_BLE: initial project load
Project updated successfully

15:14:28 **** Updating project DFT_BLE: project created
Project updated successfully

15:14:28 **** Updating project DFT_BLE: project refresh
Project updated successfully

09:35:44 **** Updating project DFT_BLE: initial project load
Project updated successfully

09:35:44 **** Updating project DFT_BLE: project created
Project updated successfully

09:35:44 **** Updating project DFT_BLE: project refresh
Project updated successfully

09:35:47 **** Updating project DFT_BLE: project created
Project updated successfully

09:35:47 **** Updating project DFT_BLE: project refresh
Project updated successfully

